<?xml version="1.0" encoding="UTF-8" ?>
<testsuite tests="3" failures="0" name="TestSuite" time="27.383" errors="0" skipped="0">
  <properties>
    <property name="java.runtime.name" value="Java(TM) SE Runtime Environment"/>
    <property name="sun.boot.library.path" value="C:\Program Files\Java\jdk1.8.0_191\jre\bin"/>
    <property name="java.vm.version" value="25.191-b12"/>
    <property name="java.vm.vendor" value="Oracle Corporation"/>
    <property name="java.vendor.url" value="http://java.oracle.com/"/>
    <property name="path.separator" value=";"/>
    <property name="java.vm.name" value="Java HotSpot(TM) 64-Bit Server VM"/>
    <property name="file.encoding.pkg" value="sun.io"/>
    <property name="user.script" value=""/>
    <property name="user.country" value="IN"/>
    <property name="sun.java.launcher" value="SUN_STANDARD"/>
    <property name="sun.os.patch.level" value=""/>
    <property name="java.vm.specification.name" value="Java Virtual Machine Specification"/>
    <property name="user.dir" value="C:\Users\chaitanya\Desktop\Status\PerformanceTest"/>
    <property name="java.runtime.version" value="1.8.0_191-b12"/>
    <property name="java.awt.graphicsenv" value="sun.awt.Win32GraphicsEnvironment"/>
    <property name="basedir" value="C:\Users\chaitanya\Desktop\Status\PerformanceTest"/>
    <property name="java.endorsed.dirs" value="C:\Program Files\Java\jdk1.8.0_191\jre\lib\endorsed"/>
    <property name="os.arch" value="amd64"/>
    <property name="surefire.real.class.path" value="C:\Users\CHAITA~1\AppData\Local\Temp\surefirebooter3027096126687533520.jar;C:\Users\chaitanya\.m2\repository/org/aspectj/aspectjweaver/1.8.5/aspectjweaver-1.8.5.jar"/>
    <property name="java.io.tmpdir" value="C:\Users\CHAITA~1\AppData\Local\Temp\"/>
    <property name="line.separator" value="
"/>
    <property name="java.vm.specification.vendor" value="Oracle Corporation"/>
    <property name="user.variant" value=""/>
    <property name="os.name" value="Windows 10"/>
    <property name="sun.jnu.encoding" value="Cp1252"/>
    <property name="java.library.path" value="C:\Program Files\Java\jdk1.8.0_191\jre\bin;C:\Windows\Sun\Java\bin;C:\Windows\system32;C:\Windows;C:/Program Files/Java/jre1.8.0_191/bin/server;C:/Program Files/Java/jre1.8.0_191/bin;C:/Program Files/Java/jre1.8.0_191/lib/amd64;C:\Program Files (x86)\Common Files\Oracle\Java\javapath;C:\Program Files (x86)\Intel\Intel(R) Management Engine Components\iCLS\;C:\Program Files\Intel\Intel(R) Management Engine Components\iCLS\;C:\Windows\system32;C:\Windows;C:\Windows\System32\Wbem;C:\Windows\System32\WindowsPowerShell\v1.0\;C:\Windows\System32\OpenSSH\;C:\Program Files (x86)\Intel\Intel(R) Management Engine Components\DAL;C:\Program Files\Intel\Intel(R) Management Engine Components\DAL;C:\Program Files (x86)\Intel\Intel(R) Management Engine Components\IPT;C:\Program Files\Intel\Intel(R) Management Engine Components\IPT;C:\Program Files\Java\jdk1.8.0_191\bin;C:\Program Files\Java\jre1.8.0_191\bin;D:\AutomationPrerequisites\apache-maven-3.5.4-bin\apache-maven-3.5.4\bin;C:\Program Files\Git\cmd;C:\Program Files (x86)\Microsoft SQL Server\Client SDK\ODBC\130\Tools\Binn\;C:\Program Files (x86)\Microsoft SQL Server\140\Tools\Binn\;C:\Program Files (x86)\Microsoft SQL Server\140\DTS\Binn\;C:\Program Files (x86)\Microsoft SQL Server\140\Tools\Binn\ManagementStudio\;C:\Users\chaitanya\AppData\Local\Microsoft\WindowsApps;C:\Users\chaitanya\AppData\Local\GitHubDesktop\bin;D:\AMC\Eclipse\eclipse;;."/>
    <property name="surefire.test.class.path" value="C:\Users\chaitanya\Desktop\Status\PerformanceTest\target\test-classes;C:\Users\chaitanya\Desktop\Status\PerformanceTest\target\classes;C:\Users\chaitanya\.m2\repository\org\apache\httpcomponents\httpclient\4.5.3\httpclient-4.5.3.jar;C:\Users\chaitanya\.m2\repository\org\apache\httpcomponents\httpcore\4.4.6\httpcore-4.4.6.jar;C:\Users\chaitanya\.m2\repository\commons-logging\commons-logging\1.2\commons-logging-1.2.jar;C:\Users\chaitanya\.m2\repository\com\microsoft\sqlserver\mssql-jdbc\6.1.0.jre8\mssql-jdbc-6.1.0.jre8.jar;C:\Users\chaitanya\.m2\repository\com\microsoft\azure\azure-keyvault\0.9.3\azure-keyvault-0.9.3.jar;C:\Users\chaitanya\.m2\repository\com\microsoft\azure\azure-core\0.9.3\azure-core-0.9.3.jar;C:\Users\chaitanya\.m2\repository\commons-lang\commons-lang\2.6\commons-lang-2.6.jar;C:\Users\chaitanya\.m2\repository\javax\mail\mail\1.4.5\mail-1.4.5.jar;C:\Users\chaitanya\.m2\repository\javax\activation\activation\1.1\activation-1.1.jar;C:\Users\chaitanya\.m2\repository\com\sun\jersey\jersey-client\1.13\jersey-client-1.13.jar;C:\Users\chaitanya\.m2\repository\com\sun\jersey\jersey-core\1.13\jersey-core-1.13.jar;C:\Users\chaitanya\.m2\repository\com\sun\jersey\jersey-json\1.13\jersey-json-1.13.jar;C:\Users\chaitanya\.m2\repository\org\codehaus\jettison\jettison\1.1\jettison-1.1.jar;C:\Users\chaitanya\.m2\repository\com\sun\xml\bind\jaxb-impl\2.2.3-1\jaxb-impl-2.2.3-1.jar;C:\Users\chaitanya\.m2\repository\javax\xml\bind\jaxb-api\2.2.2\jaxb-api-2.2.2.jar;C:\Users\chaitanya\.m2\repository\javax\xml\stream\stax-api\1.0-2\stax-api-1.0-2.jar;C:\Users\chaitanya\.m2\repository\org\codehaus\jackson\jackson-core-asl\1.9.2\jackson-core-asl-1.9.2.jar;C:\Users\chaitanya\.m2\repository\org\codehaus\jackson\jackson-mapper-asl\1.9.2\jackson-mapper-asl-1.9.2.jar;C:\Users\chaitanya\.m2\repository\org\codehaus\jackson\jackson-jaxrs\1.9.2\jackson-jaxrs-1.9.2.jar;C:\Users\chaitanya\.m2\repository\org\codehaus\jackson\jackson-xc\1.9.2\jackson-xc-1.9.2.jar;C:\Users\chaitanya\.m2\repository\javax\inject\javax.inject\1\javax.inject-1.jar;C:\Users\chaitanya\.m2\repository\com\microsoft\azure\adal4j\1.0.0\adal4j-1.0.0.jar;C:\Users\chaitanya\.m2\repository\com\nimbusds\oauth2-oidc-sdk\4.5\oauth2-oidc-sdk-4.5.jar;C:\Users\chaitanya\.m2\repository\net\minidev\json-smart\1.1.1\json-smart-1.1.1.jar;C:\Users\chaitanya\.m2\repository\com\nimbusds\lang-tag\1.4\lang-tag-1.4.jar;C:\Users\chaitanya\.m2\repository\com\nimbusds\nimbus-jose-jwt\3.1.2\nimbus-jose-jwt-3.1.2.jar;C:\Users\chaitanya\.m2\repository\com\google\code\gson\gson\2.2.4\gson-2.2.4.jar;C:\Users\chaitanya\.m2\repository\org\springframework\spring-jms\4.3.2.RELEASE\spring-jms-4.3.2.RELEASE.jar;C:\Users\chaitanya\.m2\repository\org\springframework\spring-aop\4.3.2.RELEASE\spring-aop-4.3.2.RELEASE.jar;C:\Users\chaitanya\.m2\repository\org\springframework\spring-beans\4.3.2.RELEASE\spring-beans-4.3.2.RELEASE.jar;C:\Users\chaitanya\.m2\repository\org\springframework\spring-context\4.3.2.RELEASE\spring-context-4.3.2.RELEASE.jar;C:\Users\chaitanya\.m2\repository\org\springframework\spring-expression\4.3.2.RELEASE\spring-expression-4.3.2.RELEASE.jar;C:\Users\chaitanya\.m2\repository\org\springframework\spring-core\4.3.2.RELEASE\spring-core-4.3.2.RELEASE.jar;C:\Users\chaitanya\.m2\repository\org\springframework\spring-messaging\4.3.2.RELEASE\spring-messaging-4.3.2.RELEASE.jar;C:\Users\chaitanya\.m2\repository\org\springframework\spring-tx\4.3.2.RELEASE\spring-tx-4.3.2.RELEASE.jar;C:\Users\chaitanya\.m2\repository\org\apache\activemq\activemq-spring\5.14.0\activemq-spring-5.14.0.jar;C:\Users\chaitanya\.m2\repository\org\slf4j\slf4j-api\1.7.13\slf4j-api-1.7.13.jar;C:\Users\chaitanya\.m2\repository\org\apache\xbean\xbean-spring\3.18\xbean-spring-3.18.jar;C:\Users\chaitanya\.m2\repository\org\apache\activemq\activemq-pool\5.14.0\activemq-pool-5.14.0.jar;C:\Users\chaitanya\.m2\repository\org\apache\activemq\activemq-jms-pool\5.14.0\activemq-jms-pool-5.14.0.jar;C:\Users\chaitanya\.m2\repository\org\apache\geronimo\specs\geronimo-jta_1.0.1B_spec\1.0.1\geronimo-jta_1.0.1B_spec-1.0.1.jar;C:\Users\chaitanya\.m2\repository\org\apache\commons\commons-pool2\2.4.2\commons-pool2-2.4.2.jar;C:\Users\chaitanya\.m2\repository\org\apache\activemq\activemq-all\5.14.5\activemq-all-5.14.5.jar;C:\Users\chaitanya\.m2\repository\org\jsoup\jsoup\1.11.3\jsoup-1.11.3.jar;C:\Users\chaitanya\.m2\repository\org\apache\poi\poi\3.17\poi-3.17.jar;C:\Users\chaitanya\.m2\repository\commons-codec\commons-codec\1.10\commons-codec-1.10.jar;C:\Users\chaitanya\.m2\repository\org\apache\commons\commons-collections4\4.1\commons-collections4-4.1.jar;C:\Users\chaitanya\.m2\repository\org\apache\activemq\activemq-broker\5.15.3\activemq-broker-5.15.3.jar;C:\Users\chaitanya\.m2\repository\org\apache\activemq\activemq-client\5.15.3\activemq-client-5.15.3.jar;C:\Users\chaitanya\.m2\repository\org\apache\geronimo\specs\geronimo-jms_1.1_spec\1.1.1\geronimo-jms_1.1_spec-1.1.1.jar;C:\Users\chaitanya\.m2\repository\org\fusesource\hawtbuf\hawtbuf\1.11\hawtbuf-1.11.jar;C:\Users\chaitanya\.m2\repository\org\apache\geronimo\specs\geronimo-j2ee-management_1.1_spec\1.0.1\geronimo-j2ee-management_1.1_spec-1.0.1.jar;C:\Users\chaitanya\.m2\repository\org\apache\activemq\activemq-openwire-legacy\5.15.3\activemq-openwire-legacy-5.15.3.jar;C:\Users\chaitanya\.m2\repository\com\google\guava\guava\18.0\guava-18.0.jar;C:\Users\chaitanya\.m2\repository\org\seleniumhq\selenium\selenium-server\2.53.1\selenium-server-2.53.1.jar;C:\Users\chaitanya\.m2\repository\com\beust\jcommander\1.48\jcommander-1.48.jar;C:\Users\chaitanya\.m2\repository\org\bouncycastle\bcprov-jdk15on\1.48\bcprov-jdk15on-1.48.jar;C:\Users\chaitanya\.m2\repository\org\bouncycastle\bcpkix-jdk15on\1.48\bcpkix-jdk15on-1.48.jar;C:\Users\chaitanya\.m2\repository\mx4j\mx4j-tools\3.0.1\mx4j-tools-3.0.1.jar;C:\Users\chaitanya\.m2\repository\org\seleniumhq\selenium\jetty-repacked\9.2.13.v20150730\jetty-repacked-9.2.13.v20150730.jar;C:\Users\chaitanya\.m2\repository\javax\servlet\javax.servlet-api\3.1.0\javax.servlet-api-3.1.0.jar;C:\Users\chaitanya\.m2\repository\org\seleniumhq\selenium\jetty-rc-repacked\5\jetty-rc-repacked-5.jar;C:\Users\chaitanya\.m2\repository\net\jcip\jcip-annotations\1.0\jcip-annotations-1.0.jar;C:\Users\chaitanya\.m2\repository\org\yaml\snakeyaml\1.8\snakeyaml-1.8.jar;C:\Users\chaitanya\.m2\repository\org\seleniumhq\selenium\selenium-java\2.53.1\selenium-java-2.53.1.jar;C:\Users\chaitanya\.m2\repository\org\seleniumhq\selenium\selenium-chrome-driver\2.53.1\selenium-chrome-driver-2.53.1.jar;C:\Users\chaitanya\.m2\repository\org\seleniumhq\selenium\selenium-remote-driver\2.53.1\selenium-remote-driver-2.53.1.jar;C:\Users\chaitanya\.m2\repository\cglib\cglib-nodep\2.1_3\cglib-nodep-2.1_3.jar;C:\Users\chaitanya\.m2\repository\org\seleniumhq\selenium\selenium-api\2.53.1\selenium-api-2.53.1.jar;C:\Users\chaitanya\.m2\repository\org\seleniumhq\selenium\selenium-edge-driver\2.53.1\selenium-edge-driver-2.53.1.jar;C:\Users\chaitanya\.m2\repository\commons-io\commons-io\2.4\commons-io-2.4.jar;C:\Users\chaitanya\.m2\repository\org\apache\commons\commons-exec\1.3\commons-exec-1.3.jar;C:\Users\chaitanya\.m2\repository\org\seleniumhq\selenium\htmlunit-driver\2.21\htmlunit-driver-2.21.jar;C:\Users\chaitanya\.m2\repository\net\sourceforge\htmlunit\htmlunit\2.21\htmlunit-2.21.jar;C:\Users\chaitanya\.m2\repository\xalan\xalan\2.7.2\xalan-2.7.2.jar;C:\Users\chaitanya\.m2\repository\xalan\serializer\2.7.2\serializer-2.7.2.jar;C:\Users\chaitanya\.m2\repository\org\apache\commons\commons-lang3\3.4\commons-lang3-3.4.jar;C:\Users\chaitanya\.m2\repository\org\apache\httpcomponents\httpmime\4.5.2\httpmime-4.5.2.jar;C:\Users\chaitanya\.m2\repository\net\sourceforge\htmlunit\htmlunit-core-js\2.17\htmlunit-core-js-2.17.jar;C:\Users\chaitanya\.m2\repository\net\sourceforge\htmlunit\neko-htmlunit\2.21\neko-htmlunit-2.21.jar;C:\Users\chaitanya\.m2\repository\xerces\xercesImpl\2.11.0\xercesImpl-2.11.0.jar;C:\Users\chaitanya\.m2\repository\xml-apis\xml-apis\1.4.01\xml-apis-1.4.01.jar;C:\Users\chaitanya\.m2\repository\net\sourceforge\cssparser\cssparser\0.9.18\cssparser-0.9.18.jar;C:\Users\chaitanya\.m2\repository\org\w3c\css\sac\1.3\sac-1.3.jar;C:\Users\chaitanya\.m2\repository\org\eclipse\jetty\websocket\websocket-client\9.2.15.v20160210\websocket-client-9.2.15.v20160210.jar;C:\Users\chaitanya\.m2\repository\org\eclipse\jetty\jetty-util\9.2.15.v20160210\jetty-util-9.2.15.v20160210.jar;C:\Users\chaitanya\.m2\repository\org\eclipse\jetty\jetty-io\9.2.15.v20160210\jetty-io-9.2.15.v20160210.jar;C:\Users\chaitanya\.m2\repository\org\eclipse\jetty\websocket\websocket-common\9.2.15.v20160210\websocket-common-9.2.15.v20160210.jar;C:\Users\chaitanya\.m2\repository\org\eclipse\jetty\websocket\websocket-api\9.2.15.v20160210\websocket-api-9.2.15.v20160210.jar;C:\Users\chaitanya\.m2\repository\commons-collections\commons-collections\3.2.2\commons-collections-3.2.2.jar;C:\Users\chaitanya\.m2\repository\org\seleniumhq\selenium\selenium-firefox-driver\2.53.1\selenium-firefox-driver-2.53.1.jar;C:\Users\chaitanya\.m2\repository\org\seleniumhq\selenium\selenium-ie-driver\2.53.1\selenium-ie-driver-2.53.1.jar;C:\Users\chaitanya\.m2\repository\net\java\dev\jna\jna\4.1.0\jna-4.1.0.jar;C:\Users\chaitanya\.m2\repository\net\java\dev\jna\jna-platform\4.1.0\jna-platform-4.1.0.jar;C:\Users\chaitanya\.m2\repository\org\seleniumhq\selenium\selenium-safari-driver\2.53.1\selenium-safari-driver-2.53.1.jar;C:\Users\chaitanya\.m2\repository\io\netty\netty\3.5.7.Final\netty-3.5.7.Final.jar;C:\Users\chaitanya\.m2\repository\org\seleniumhq\selenium\selenium-support\2.53.1\selenium-support-2.53.1.jar;C:\Users\chaitanya\.m2\repository\org\seleniumhq\selenium\selenium-leg-rc\2.53.1\selenium-leg-rc-2.53.1.jar;C:\Users\chaitanya\.m2\repository\javax\jms\javax.jms-api\2.0\javax.jms-api-2.0.jar;C:\Users\chaitanya\.m2\repository\org\apache\poi\poi-ooxml\3.17\poi-ooxml-3.17.jar;C:\Users\chaitanya\.m2\repository\org\apache\poi\poi-ooxml-schemas\3.17\poi-ooxml-schemas-3.17.jar;C:\Users\chaitanya\.m2\repository\org\apache\xmlbeans\xmlbeans\2.6.0\xmlbeans-2.6.0.jar;C:\Users\chaitanya\.m2\repository\stax\stax-api\1.0.1\stax-api-1.0.1.jar;C:\Users\chaitanya\.m2\repository\com\github\virtuald\curvesapi\1.04\curvesapi-1.04.jar;C:\Users\chaitanya\.m2\repository\org\apache\pdfbox\pdfbox\2.0.9\pdfbox-2.0.9.jar;C:\Users\chaitanya\.m2\repository\org\apache\pdfbox\fontbox\2.0.9\fontbox-2.0.9.jar;C:\Users\chaitanya\.m2\repository\org\json\json\20180130\json-20180130.jar;C:\Users\chaitanya\.m2\repository\com\googlecode\json-simple\json-simple\1.1.1\json-simple-1.1.1.jar;C:\Users\chaitanya\.m2\repository\junit\junit\4.10\junit-4.10.jar;C:\Users\chaitanya\.m2\repository\org\hamcrest\hamcrest-core\1.1\hamcrest-core-1.1.jar;C:\Users\chaitanya\.m2\repository\com\fasterxml\jackson\core\jackson-databind\2.9.5\jackson-databind-2.9.5.jar;C:\Users\chaitanya\.m2\repository\com\fasterxml\jackson\core\jackson-annotations\2.9.0\jackson-annotations-2.9.0.jar;C:\Users\chaitanya\.m2\repository\com\fasterxml\jackson\core\jackson-core\2.9.5\jackson-core-2.9.5.jar;C:\Users\chaitanya\.m2\repository\org\skyscreamer\jsonassert\1.2.3\jsonassert-1.2.3.jar;C:\Users\chaitanya\.m2\repository\org\testng\testng\6.9.4\testng-6.9.4.jar;C:\Users\chaitanya\.m2\repository\org\beanshell\bsh\2.0b4\bsh-2.0b4.jar;C:\Users\chaitanya\.m2\repository\ru\yandex\qatools\allure\allure-testng-adaptor\1.4.16\allure-testng-adaptor-1.4.16.jar;C:\Users\chaitanya\.m2\repository\ru\yandex\qatools\allure\allure-java-aspects\1.4.16\allure-java-aspects-1.4.16.jar;C:\Users\chaitanya\.m2\repository\ru\yandex\qatools\allure\allure-java-adaptor-api\1.4.16\allure-java-adaptor-api-1.4.16.jar;C:\Users\chaitanya\.m2\repository\ru\yandex\qatools\allure\allure-java-annotations\1.4.16\allure-java-annotations-1.4.16.jar;C:\Users\chaitanya\.m2\repository\ru\yandex\qatools\allure\allure-model\1.4.16\allure-model-1.4.16.jar;C:\Users\chaitanya\.m2\repository\org\jvnet\jaxb2_commons\jaxb2-basics-runtime\0.9.3\jaxb2-basics-runtime-0.9.3.jar;C:\Users\chaitanya\.m2\repository\ru\yandex\qatools\properties\properties-loader\1.5\properties-loader-1.5.jar;C:\Users\chaitanya\.m2\repository\commons-beanutils\commons-beanutils-core\1.8.3\commons-beanutils-core-1.8.3.jar;C:\Users\chaitanya\.m2\repository\org\apache\tika\tika-core\1.7\tika-core-1.7.jar;C:\Users\chaitanya\.m2\repository\org\aspectj\aspectjrt\1.8.3\aspectjrt-1.8.3.jar;C:\Users\chaitanya\.m2\repository\org\aspectj\aspectjweaver\1.8.5\aspectjweaver-1.8.5.jar;"/>
    <property name="java.specification.name" value="Java Platform API Specification"/>
    <property name="java.class.version" value="52.0"/>
    <property name="sun.management.compiler" value="HotSpot 64-Bit Tiered Compilers"/>
    <property name="os.version" value="10.0"/>
    <property name="user.home" value="C:\Users\chaitanya"/>
    <property name="user.timezone" value="Asia/Calcutta"/>
    <property name="java.awt.printerjob" value="sun.awt.windows.WPrinterJob"/>
    <property name="java.specification.version" value="1.8"/>
    <property name="file.encoding" value="Cp1252"/>
    <property name="user.name" value="chaitanya"/>
    <property name="java.class.path" value="C:\Users\chaitanya\Desktop\Status\PerformanceTest\target\test-classes;C:\Users\chaitanya\Desktop\Status\PerformanceTest\target\classes;C:\Users\chaitanya\.m2\repository\org\apache\httpcomponents\httpclient\4.5.3\httpclient-4.5.3.jar;C:\Users\chaitanya\.m2\repository\org\apache\httpcomponents\httpcore\4.4.6\httpcore-4.4.6.jar;C:\Users\chaitanya\.m2\repository\commons-logging\commons-logging\1.2\commons-logging-1.2.jar;C:\Users\chaitanya\.m2\repository\com\microsoft\sqlserver\mssql-jdbc\6.1.0.jre8\mssql-jdbc-6.1.0.jre8.jar;C:\Users\chaitanya\.m2\repository\com\microsoft\azure\azure-keyvault\0.9.3\azure-keyvault-0.9.3.jar;C:\Users\chaitanya\.m2\repository\com\microsoft\azure\azure-core\0.9.3\azure-core-0.9.3.jar;C:\Users\chaitanya\.m2\repository\commons-lang\commons-lang\2.6\commons-lang-2.6.jar;C:\Users\chaitanya\.m2\repository\javax\mail\mail\1.4.5\mail-1.4.5.jar;C:\Users\chaitanya\.m2\repository\javax\activation\activation\1.1\activation-1.1.jar;C:\Users\chaitanya\.m2\repository\com\sun\jersey\jersey-client\1.13\jersey-client-1.13.jar;C:\Users\chaitanya\.m2\repository\com\sun\jersey\jersey-core\1.13\jersey-core-1.13.jar;C:\Users\chaitanya\.m2\repository\com\sun\jersey\jersey-json\1.13\jersey-json-1.13.jar;C:\Users\chaitanya\.m2\repository\org\codehaus\jettison\jettison\1.1\jettison-1.1.jar;C:\Users\chaitanya\.m2\repository\com\sun\xml\bind\jaxb-impl\2.2.3-1\jaxb-impl-2.2.3-1.jar;C:\Users\chaitanya\.m2\repository\javax\xml\bind\jaxb-api\2.2.2\jaxb-api-2.2.2.jar;C:\Users\chaitanya\.m2\repository\javax\xml\stream\stax-api\1.0-2\stax-api-1.0-2.jar;C:\Users\chaitanya\.m2\repository\org\codehaus\jackson\jackson-core-asl\1.9.2\jackson-core-asl-1.9.2.jar;C:\Users\chaitanya\.m2\repository\org\codehaus\jackson\jackson-mapper-asl\1.9.2\jackson-mapper-asl-1.9.2.jar;C:\Users\chaitanya\.m2\repository\org\codehaus\jackson\jackson-jaxrs\1.9.2\jackson-jaxrs-1.9.2.jar;C:\Users\chaitanya\.m2\repository\org\codehaus\jackson\jackson-xc\1.9.2\jackson-xc-1.9.2.jar;C:\Users\chaitanya\.m2\repository\javax\inject\javax.inject\1\javax.inject-1.jar;C:\Users\chaitanya\.m2\repository\com\microsoft\azure\adal4j\1.0.0\adal4j-1.0.0.jar;C:\Users\chaitanya\.m2\repository\com\nimbusds\oauth2-oidc-sdk\4.5\oauth2-oidc-sdk-4.5.jar;C:\Users\chaitanya\.m2\repository\net\minidev\json-smart\1.1.1\json-smart-1.1.1.jar;C:\Users\chaitanya\.m2\repository\com\nimbusds\lang-tag\1.4\lang-tag-1.4.jar;C:\Users\chaitanya\.m2\repository\com\nimbusds\nimbus-jose-jwt\3.1.2\nimbus-jose-jwt-3.1.2.jar;C:\Users\chaitanya\.m2\repository\com\google\code\gson\gson\2.2.4\gson-2.2.4.jar;C:\Users\chaitanya\.m2\repository\org\springframework\spring-jms\4.3.2.RELEASE\spring-jms-4.3.2.RELEASE.jar;C:\Users\chaitanya\.m2\repository\org\springframework\spring-aop\4.3.2.RELEASE\spring-aop-4.3.2.RELEASE.jar;C:\Users\chaitanya\.m2\repository\org\springframework\spring-beans\4.3.2.RELEASE\spring-beans-4.3.2.RELEASE.jar;C:\Users\chaitanya\.m2\repository\org\springframework\spring-context\4.3.2.RELEASE\spring-context-4.3.2.RELEASE.jar;C:\Users\chaitanya\.m2\repository\org\springframework\spring-expression\4.3.2.RELEASE\spring-expression-4.3.2.RELEASE.jar;C:\Users\chaitanya\.m2\repository\org\springframework\spring-core\4.3.2.RELEASE\spring-core-4.3.2.RELEASE.jar;C:\Users\chaitanya\.m2\repository\org\springframework\spring-messaging\4.3.2.RELEASE\spring-messaging-4.3.2.RELEASE.jar;C:\Users\chaitanya\.m2\repository\org\springframework\spring-tx\4.3.2.RELEASE\spring-tx-4.3.2.RELEASE.jar;C:\Users\chaitanya\.m2\repository\org\apache\activemq\activemq-spring\5.14.0\activemq-spring-5.14.0.jar;C:\Users\chaitanya\.m2\repository\org\slf4j\slf4j-api\1.7.13\slf4j-api-1.7.13.jar;C:\Users\chaitanya\.m2\repository\org\apache\xbean\xbean-spring\3.18\xbean-spring-3.18.jar;C:\Users\chaitanya\.m2\repository\org\apache\activemq\activemq-pool\5.14.0\activemq-pool-5.14.0.jar;C:\Users\chaitanya\.m2\repository\org\apache\activemq\activemq-jms-pool\5.14.0\activemq-jms-pool-5.14.0.jar;C:\Users\chaitanya\.m2\repository\org\apache\geronimo\specs\geronimo-jta_1.0.1B_spec\1.0.1\geronimo-jta_1.0.1B_spec-1.0.1.jar;C:\Users\chaitanya\.m2\repository\org\apache\commons\commons-pool2\2.4.2\commons-pool2-2.4.2.jar;C:\Users\chaitanya\.m2\repository\org\apache\activemq\activemq-all\5.14.5\activemq-all-5.14.5.jar;C:\Users\chaitanya\.m2\repository\org\jsoup\jsoup\1.11.3\jsoup-1.11.3.jar;C:\Users\chaitanya\.m2\repository\org\apache\poi\poi\3.17\poi-3.17.jar;C:\Users\chaitanya\.m2\repository\commons-codec\commons-codec\1.10\commons-codec-1.10.jar;C:\Users\chaitanya\.m2\repository\org\apache\commons\commons-collections4\4.1\commons-collections4-4.1.jar;C:\Users\chaitanya\.m2\repository\org\apache\activemq\activemq-broker\5.15.3\activemq-broker-5.15.3.jar;C:\Users\chaitanya\.m2\repository\org\apache\activemq\activemq-client\5.15.3\activemq-client-5.15.3.jar;C:\Users\chaitanya\.m2\repository\org\apache\geronimo\specs\geronimo-jms_1.1_spec\1.1.1\geronimo-jms_1.1_spec-1.1.1.jar;C:\Users\chaitanya\.m2\repository\org\fusesource\hawtbuf\hawtbuf\1.11\hawtbuf-1.11.jar;C:\Users\chaitanya\.m2\repository\org\apache\geronimo\specs\geronimo-j2ee-management_1.1_spec\1.0.1\geronimo-j2ee-management_1.1_spec-1.0.1.jar;C:\Users\chaitanya\.m2\repository\org\apache\activemq\activemq-openwire-legacy\5.15.3\activemq-openwire-legacy-5.15.3.jar;C:\Users\chaitanya\.m2\repository\com\google\guava\guava\18.0\guava-18.0.jar;C:\Users\chaitanya\.m2\repository\org\seleniumhq\selenium\selenium-server\2.53.1\selenium-server-2.53.1.jar;C:\Users\chaitanya\.m2\repository\com\beust\jcommander\1.48\jcommander-1.48.jar;C:\Users\chaitanya\.m2\repository\org\bouncycastle\bcprov-jdk15on\1.48\bcprov-jdk15on-1.48.jar;C:\Users\chaitanya\.m2\repository\org\bouncycastle\bcpkix-jdk15on\1.48\bcpkix-jdk15on-1.48.jar;C:\Users\chaitanya\.m2\repository\mx4j\mx4j-tools\3.0.1\mx4j-tools-3.0.1.jar;C:\Users\chaitanya\.m2\repository\org\seleniumhq\selenium\jetty-repacked\9.2.13.v20150730\jetty-repacked-9.2.13.v20150730.jar;C:\Users\chaitanya\.m2\repository\javax\servlet\javax.servlet-api\3.1.0\javax.servlet-api-3.1.0.jar;C:\Users\chaitanya\.m2\repository\org\seleniumhq\selenium\jetty-rc-repacked\5\jetty-rc-repacked-5.jar;C:\Users\chaitanya\.m2\repository\net\jcip\jcip-annotations\1.0\jcip-annotations-1.0.jar;C:\Users\chaitanya\.m2\repository\org\yaml\snakeyaml\1.8\snakeyaml-1.8.jar;C:\Users\chaitanya\.m2\repository\org\seleniumhq\selenium\selenium-java\2.53.1\selenium-java-2.53.1.jar;C:\Users\chaitanya\.m2\repository\org\seleniumhq\selenium\selenium-chrome-driver\2.53.1\selenium-chrome-driver-2.53.1.jar;C:\Users\chaitanya\.m2\repository\org\seleniumhq\selenium\selenium-remote-driver\2.53.1\selenium-remote-driver-2.53.1.jar;C:\Users\chaitanya\.m2\repository\cglib\cglib-nodep\2.1_3\cglib-nodep-2.1_3.jar;C:\Users\chaitanya\.m2\repository\org\seleniumhq\selenium\selenium-api\2.53.1\selenium-api-2.53.1.jar;C:\Users\chaitanya\.m2\repository\org\seleniumhq\selenium\selenium-edge-driver\2.53.1\selenium-edge-driver-2.53.1.jar;C:\Users\chaitanya\.m2\repository\commons-io\commons-io\2.4\commons-io-2.4.jar;C:\Users\chaitanya\.m2\repository\org\apache\commons\commons-exec\1.3\commons-exec-1.3.jar;C:\Users\chaitanya\.m2\repository\org\seleniumhq\selenium\htmlunit-driver\2.21\htmlunit-driver-2.21.jar;C:\Users\chaitanya\.m2\repository\net\sourceforge\htmlunit\htmlunit\2.21\htmlunit-2.21.jar;C:\Users\chaitanya\.m2\repository\xalan\xalan\2.7.2\xalan-2.7.2.jar;C:\Users\chaitanya\.m2\repository\xalan\serializer\2.7.2\serializer-2.7.2.jar;C:\Users\chaitanya\.m2\repository\org\apache\commons\commons-lang3\3.4\commons-lang3-3.4.jar;C:\Users\chaitanya\.m2\repository\org\apache\httpcomponents\httpmime\4.5.2\httpmime-4.5.2.jar;C:\Users\chaitanya\.m2\repository\net\sourceforge\htmlunit\htmlunit-core-js\2.17\htmlunit-core-js-2.17.jar;C:\Users\chaitanya\.m2\repository\net\sourceforge\htmlunit\neko-htmlunit\2.21\neko-htmlunit-2.21.jar;C:\Users\chaitanya\.m2\repository\xerces\xercesImpl\2.11.0\xercesImpl-2.11.0.jar;C:\Users\chaitanya\.m2\repository\xml-apis\xml-apis\1.4.01\xml-apis-1.4.01.jar;C:\Users\chaitanya\.m2\repository\net\sourceforge\cssparser\cssparser\0.9.18\cssparser-0.9.18.jar;C:\Users\chaitanya\.m2\repository\org\w3c\css\sac\1.3\sac-1.3.jar;C:\Users\chaitanya\.m2\repository\org\eclipse\jetty\websocket\websocket-client\9.2.15.v20160210\websocket-client-9.2.15.v20160210.jar;C:\Users\chaitanya\.m2\repository\org\eclipse\jetty\jetty-util\9.2.15.v20160210\jetty-util-9.2.15.v20160210.jar;C:\Users\chaitanya\.m2\repository\org\eclipse\jetty\jetty-io\9.2.15.v20160210\jetty-io-9.2.15.v20160210.jar;C:\Users\chaitanya\.m2\repository\org\eclipse\jetty\websocket\websocket-common\9.2.15.v20160210\websocket-common-9.2.15.v20160210.jar;C:\Users\chaitanya\.m2\repository\org\eclipse\jetty\websocket\websocket-api\9.2.15.v20160210\websocket-api-9.2.15.v20160210.jar;C:\Users\chaitanya\.m2\repository\commons-collections\commons-collections\3.2.2\commons-collections-3.2.2.jar;C:\Users\chaitanya\.m2\repository\org\seleniumhq\selenium\selenium-firefox-driver\2.53.1\selenium-firefox-driver-2.53.1.jar;C:\Users\chaitanya\.m2\repository\org\seleniumhq\selenium\selenium-ie-driver\2.53.1\selenium-ie-driver-2.53.1.jar;C:\Users\chaitanya\.m2\repository\net\java\dev\jna\jna\4.1.0\jna-4.1.0.jar;C:\Users\chaitanya\.m2\repository\net\java\dev\jna\jna-platform\4.1.0\jna-platform-4.1.0.jar;C:\Users\chaitanya\.m2\repository\org\seleniumhq\selenium\selenium-safari-driver\2.53.1\selenium-safari-driver-2.53.1.jar;C:\Users\chaitanya\.m2\repository\io\netty\netty\3.5.7.Final\netty-3.5.7.Final.jar;C:\Users\chaitanya\.m2\repository\org\seleniumhq\selenium\selenium-support\2.53.1\selenium-support-2.53.1.jar;C:\Users\chaitanya\.m2\repository\org\seleniumhq\selenium\selenium-leg-rc\2.53.1\selenium-leg-rc-2.53.1.jar;C:\Users\chaitanya\.m2\repository\javax\jms\javax.jms-api\2.0\javax.jms-api-2.0.jar;C:\Users\chaitanya\.m2\repository\org\apache\poi\poi-ooxml\3.17\poi-ooxml-3.17.jar;C:\Users\chaitanya\.m2\repository\org\apache\poi\poi-ooxml-schemas\3.17\poi-ooxml-schemas-3.17.jar;C:\Users\chaitanya\.m2\repository\org\apache\xmlbeans\xmlbeans\2.6.0\xmlbeans-2.6.0.jar;C:\Users\chaitanya\.m2\repository\stax\stax-api\1.0.1\stax-api-1.0.1.jar;C:\Users\chaitanya\.m2\repository\com\github\virtuald\curvesapi\1.04\curvesapi-1.04.jar;C:\Users\chaitanya\.m2\repository\org\apache\pdfbox\pdfbox\2.0.9\pdfbox-2.0.9.jar;C:\Users\chaitanya\.m2\repository\org\apache\pdfbox\fontbox\2.0.9\fontbox-2.0.9.jar;C:\Users\chaitanya\.m2\repository\org\json\json\20180130\json-20180130.jar;C:\Users\chaitanya\.m2\repository\com\googlecode\json-simple\json-simple\1.1.1\json-simple-1.1.1.jar;C:\Users\chaitanya\.m2\repository\junit\junit\4.10\junit-4.10.jar;C:\Users\chaitanya\.m2\repository\org\hamcrest\hamcrest-core\1.1\hamcrest-core-1.1.jar;C:\Users\chaitanya\.m2\repository\com\fasterxml\jackson\core\jackson-databind\2.9.5\jackson-databind-2.9.5.jar;C:\Users\chaitanya\.m2\repository\com\fasterxml\jackson\core\jackson-annotations\2.9.0\jackson-annotations-2.9.0.jar;C:\Users\chaitanya\.m2\repository\com\fasterxml\jackson\core\jackson-core\2.9.5\jackson-core-2.9.5.jar;C:\Users\chaitanya\.m2\repository\org\skyscreamer\jsonassert\1.2.3\jsonassert-1.2.3.jar;C:\Users\chaitanya\.m2\repository\org\testng\testng\6.9.4\testng-6.9.4.jar;C:\Users\chaitanya\.m2\repository\org\beanshell\bsh\2.0b4\bsh-2.0b4.jar;C:\Users\chaitanya\.m2\repository\ru\yandex\qatools\allure\allure-testng-adaptor\1.4.16\allure-testng-adaptor-1.4.16.jar;C:\Users\chaitanya\.m2\repository\ru\yandex\qatools\allure\allure-java-aspects\1.4.16\allure-java-aspects-1.4.16.jar;C:\Users\chaitanya\.m2\repository\ru\yandex\qatools\allure\allure-java-adaptor-api\1.4.16\allure-java-adaptor-api-1.4.16.jar;C:\Users\chaitanya\.m2\repository\ru\yandex\qatools\allure\allure-java-annotations\1.4.16\allure-java-annotations-1.4.16.jar;C:\Users\chaitanya\.m2\repository\ru\yandex\qatools\allure\allure-model\1.4.16\allure-model-1.4.16.jar;C:\Users\chaitanya\.m2\repository\org\jvnet\jaxb2_commons\jaxb2-basics-runtime\0.9.3\jaxb2-basics-runtime-0.9.3.jar;C:\Users\chaitanya\.m2\repository\ru\yandex\qatools\properties\properties-loader\1.5\properties-loader-1.5.jar;C:\Users\chaitanya\.m2\repository\commons-beanutils\commons-beanutils-core\1.8.3\commons-beanutils-core-1.8.3.jar;C:\Users\chaitanya\.m2\repository\org\apache\tika\tika-core\1.7\tika-core-1.7.jar;C:\Users\chaitanya\.m2\repository\org\aspectj\aspectjrt\1.8.3\aspectjrt-1.8.3.jar;C:\Users\chaitanya\.m2\repository\org\aspectj\aspectjweaver\1.8.5\aspectjweaver-1.8.5.jar;"/>
    <property name="java.vm.specification.version" value="1.8"/>
    <property name="sun.arch.data.model" value="64"/>
    <property name="java.home" value="C:\Program Files\Java\jdk1.8.0_191\jre"/>
    <property name="sun.java.command" value="C:\Users\CHAITA~1\AppData\Local\Temp\surefirebooter3027096126687533520.jar C:\Users\CHAITA~1\AppData\Local\Temp\surefire5087653977730347277tmp C:\Users\CHAITA~1\AppData\Local\Temp\surefire1814422416476575025tmp"/>
    <property name="java.specification.vendor" value="Oracle Corporation"/>
    <property name="user.language" value="en"/>
    <property name="awt.toolkit" value="sun.awt.windows.WToolkit"/>
    <property name="java.vm.info" value="mixed mode"/>
    <property name="java.version" value="1.8.0_191"/>
    <property name="java.ext.dirs" value="C:\Program Files\Java\jdk1.8.0_191\jre\lib\ext;C:\Windows\Sun\Java\lib\ext"/>
    <property name="sun.boot.class.path" value="C:\Program Files\Java\jdk1.8.0_191\jre\lib\resources.jar;C:\Program Files\Java\jdk1.8.0_191\jre\lib\rt.jar;C:\Program Files\Java\jdk1.8.0_191\jre\lib\sunrsasign.jar;C:\Program Files\Java\jdk1.8.0_191\jre\lib\jsse.jar;C:\Program Files\Java\jdk1.8.0_191\jre\lib\jce.jar;C:\Program Files\Java\jdk1.8.0_191\jre\lib\charsets.jar;C:\Program Files\Java\jdk1.8.0_191\jre\lib\jfr.jar;C:\Program Files\Java\jdk1.8.0_191\jre\classes"/>
    <property name="java.vendor" value="Oracle Corporation"/>
    <property name="localRepository" value="C:\Users\chaitanya\.m2\repository"/>
    <property name="file.separator" value="\"/>
    <property name="java.vendor.url.bug" value="http://bugreport.sun.com/bugreport/"/>
    <property name="sun.cpu.endian" value="little"/>
    <property name="sun.io.unicode.encoding" value="UnicodeLittle"/>
    <property name="sun.desktop" value="windows"/>
    <property name="sun.cpu.isalist" value="amd64"/>
  </properties>
  <testcase classname="com.run.test.PushingXMLDataToActiveMQ" name="performanceTestOnWOP" time="6.565"/>
  <testcase classname="com.run.test.PushingXMLDataToActiveMQ" name="performanceTestOnMP" time="9.519"/>
  <testcase classname="com.run.test.PushingXMLDataToActiveMQ" name="performanceTestOnMEDIATOR" time="9.41"/>
</testsuite>