<?xml version="1.0" encoding="UTF-8"?>
<!-- Generated by org.testng.reporters.JUnitReportReporter -->
<testsuite skipped="0" hostname="MONO-HYD-LAP-37" name="com.runner.test.MPtoWOPComparisonTest" tests="6" failures="0" timestamp="24 Sep 2018 06:39:49 GMT" time="1.183" errors="0">
  <testcase name="TitleComparison" time="0.248" classname="com.runner.test.MPtoWOPComparisonTest"/>
  <testcase name="AMCNIDComparison" time="0.201" classname="com.runner.test.MPtoWOPComparisonTest"/>
  <testcase name="AssetTypeComparison" time="0.178" classname="com.runner.test.MPtoWOPComparisonTest"/>
  <testcase name="ReleaseYearComparison" time="0.235" classname="com.runner.test.MPtoWOPComparisonTest"/>
  <testcase name="AssetSourceComparison" time="0.161" classname="com.runner.test.MPtoWOPComparisonTest"/>
  <testcase name="OwnerNetworkComparison" time="0.160" classname="com.runner.test.MPtoWOPComparisonTest"/>
</testsuite> <!-- com.runner.test.MPtoWOPComparisonTest -->
