<?xml version="1.0" encoding="UTF-8"?>
<!-- Generated by org.testng.reporters.JUnitReportReporter -->
<testsuite skipped="0" hostname="MONO-HYD-LAP-37" name="com.runner.test.WOP_MASTER_APITest" tests="1" failures="0" timestamp="14 Sep 2018 13:08:24 GMT" time="22.046" errors="0">
  <testcase name="VerifyRLAPITestWithParameters" time="22.046" classname="com.runner.test.WOP_MASTER_APITest"/>
</testsuite> <!-- com.runner.test.WOP_MASTER_APITest -->
