<?xml version="1.0" encoding="UTF-8"?>
<!-- Generated by org.testng.reporters.JUnitReportReporter -->
<testsuite skipped="0" hostname="MONO-HYD-LAP-41" name="com.runner.test.ZeustoWOPParamcomparisonTest2" tests="3" failures="0" timestamp="25 Oct 2018 10:53:30 GMT" time="0.134" errors="0">
  <testcase name="videoFormat" time="0.039" classname="com.runner.test.ZeustoWOPParamcomparisonTest2"/>
  <testcase name="SegmentCount" time="0.062" classname="com.runner.test.ZeustoWOPParamcomparisonTest2"/>
  <testcase name="aspectRatio" time="0.033" classname="com.runner.test.ZeustoWOPParamcomparisonTest2"/>
</testsuite> <!-- com.runner.test.ZeustoWOPParamcomparisonTest2 -->
