<?xml version="1.0" encoding="UTF-8"?>
<!-- Generated by org.testng.reporters.JUnitReportReporter -->
<testsuite skipped="0" hostname="MONO-HYD-LAP-37" name="com.runner.test.TC_1_RLtoWOP" tests="1" failures="0" timestamp="14 Sep 2018 09:20:22 GMT" time="13.222" errors="0">
  <testcase name="RLAPITestForAccessToken" time="13.222" classname="com.runner.test.TC_1_RLtoWOP"/>
</testsuite> <!-- com.runner.test.TC_1_RLtoWOP -->
