<?xml version="1.0" encoding="UTF-8"?>
<!-- Generated by org.testng.reporters.JUnitReportReporter -->
<testsuite skipped="0" hostname="MONO-HYD-LAP-30" name="com.apihttps.test.MPtoWOP" tests="12" failures="0" timestamp="11 Sep 2018 14:49:37 GMT" time="22.604" errors="0">
  <testcase name="executeRLAPIforgettingAccessToken" time="15.160" classname="com.apihttps.test.MPtoWOP"/>
  <testcase name="executeRLGetApiwithAccessToken" time="0.625" classname="com.apihttps.test.MPtoWOP"/>
  <testcase name="executeWOPApiforAccessToken" time="1.562" classname="com.apihttps.test.MPtoWOP"/>
  <testcase name="executeWOPApiforToken" time="1.507" classname="com.apihttps.test.MPtoWOP"/>
  <testcase name="executeFinalWopApiwithAccessTokenandToken" time="1.644" classname="com.apihttps.test.MPtoWOP"/>
  <testcase name="executeMPApiwithAccessTokenandToken" time="0.976" classname="com.apihttps.test.MPtoWOP"/>
  <testcase name="compareTitle" time="0.254" classname="com.apihttps.test.MPtoWOP"/>
  <testcase name="compareAMCNID" time="0.291" classname="com.apihttps.test.MPtoWOP"/>
  <testcase name="compareshowtype" time="0.157" classname="com.apihttps.test.MPtoWOP"/>
  <testcase name="compareReleaseYear" time="0.157" classname="com.apihttps.test.MPtoWOP"/>
  <testcase name="CompareAssetSource" time="0.148" classname="com.apihttps.test.MPtoWOP"/>
  <testcase name="OwnerNetwork" time="0.123" classname="com.apihttps.test.MPtoWOP"/>
</testsuite> <!-- com.apihttps.test.MPtoWOP -->
