<?xml version="1.0" encoding="UTF-8"?>
<!-- Generated by org.testng.reporters.JUnitReportReporter -->
<testsuite skipped="0" hostname="MONO-HYD-LAP-41" name="com.runner.test.CallingActiveMQ" tests="3" failures="0" timestamp="25 Oct 2018 14:28:39 GMT" time="9.153" errors="0">
  <testcase name="performanceTestOnWOP" time="2.922" classname="com.runner.test.CallingActiveMQ"/>
  <testcase name="performanceTestOnMP" time="2.925" classname="com.runner.test.CallingActiveMQ"/>
  <testcase name="performanceTestOnMEDIATOR" time="3.306" classname="com.runner.test.CallingActiveMQ"/>
</testsuite> <!-- com.runner.test.CallingActiveMQ -->
