<?xml version="1.0" encoding="UTF-8"?>
<!-- Generated by org.testng.reporters.JUnitReportReporter -->
<testsuite skipped="0" hostname="MONO-HYD-LAP-37" name="com.runner.test.SymoxAPITest" tests="2" failures="0" timestamp="11 Oct 2018 06:47:35 GMT" time="2.198" errors="0">
  <testcase name="requestBodyForMediaTest" time="0.016" classname="com.runner.test.SymoxAPITest"/>
  <testcase name="requestBodyForCompTest" time="2.182" classname="com.runner.test.SymoxAPITest"/>
</testsuite> <!-- com.runner.test.SymoxAPITest -->
