<?xml version="1.0" encoding="UTF-8"?>
<!-- Generated by org.testng.reporters.JUnitReportReporter -->
<testsuite skipped="0" hostname="MONO-HYD-LAP-30" name="com.apihttps.test.TestClass" tests="1" failures="0" timestamp="07 Sep 2018 08:45:55 GMT" time="2.055" errors="0">
  <testcase name="f" time="2.055" classname="com.apihttps.test.TestClass"/>
</testsuite> <!-- com.apihttps.test.TestClass -->
