<?xml version="1.0" encoding="UTF-8"?>
<!-- Generated by org.testng.reporters.JUnitReportReporter -->
<testsuite skipped="0" hostname="MONO-HYD-LAP-37" name="com.runner.test.RLAPITest" tests="1" failures="0" timestamp="14 Sep 2018 13:43:22 GMT" time="13.521" errors="0">
  <testcase name="VerifyRLAPITestWithParameters" time="13.521" classname="com.runner.test.RLAPITest"/>
</testsuite> <!-- com.runner.test.RLAPITest -->
