<?xml version="1.0" encoding="UTF-8"?>
<!-- Generated by org.testng.reporters.JUnitReportReporter -->
<testsuite skipped="0" hostname="MONO-HYD-LAP-41" name="com.runner.test.RLtoWOPComparisonTest" tests="4" failures="0" timestamp="25 Oct 2018 10:45:13 GMT" time="0.417" errors="0">
  <testcase name="AMCNIDComparison" time="0.098" classname="com.runner.test.RLtoWOPComparisonTest"/>
  <testcase name="ReleaseYearComparison" time="0.080" classname="com.runner.test.RLtoWOPComparisonTest"/>
  <testcase name="AssetTypeComparison" time="0.086" classname="com.runner.test.RLtoWOPComparisonTest"/>
  <testcase name="VendorComparison" time="0.153" classname="com.runner.test.RLtoWOPComparisonTest"/>
</testsuite> <!-- com.runner.test.RLtoWOPComparisonTest -->
