<?xml version="1.0" encoding="UTF-8"?>
<!-- Generated by org.testng.reporters.JUnitReportReporter -->
<testsuite skipped="0" hostname="MONO-HYD-LAP-30" name="com.apihttps.test.ZeusToWOP" tests="9" failures="0" timestamp="11 Sep 2018 14:37:23 GMT" time="17.477" errors="0">
  <testcase name="executeRLAPIforgettingAccessToken" time="1.977" classname="com.apihttps.test.ZeusToWOP"/>
  <testcase name="ConnectDB" time="9.366" classname="com.apihttps.test.ZeusToWOP"/>
  <testcase name="executeRLGetApiwithAccessToken" time="0.634" classname="com.apihttps.test.ZeusToWOP"/>
  <testcase name="executeWOPApiforAccessToken" time="2.052" classname="com.apihttps.test.ZeusToWOP"/>
  <testcase name="executeWOPApiforToken" time="1.581" classname="com.apihttps.test.ZeusToWOP"/>
  <testcase name="executeFinalWopApiwithAccessTokenandToken" time="1.588" classname="com.apihttps.test.ZeusToWOP"/>
  <testcase name="Definition" time="0.114" classname="com.apihttps.test.ZeusToWOP"/>
  <testcase name="aspectRatio" time="0.080" classname="com.apihttps.test.ZeusToWOP"/>
  <testcase name="SEGMENT_COUNT" time="0.085" classname="com.apihttps.test.ZeusToWOP"/>
</testsuite> <!-- com.apihttps.test.ZeusToWOP -->
