<?xml version="1.0" encoding="UTF-8"?>
<!-- Generated by org.testng.reporters.JUnitReportReporter -->
<testsuite skipped="0" hostname="MONO-HYD-LAP-30" name="com.apihttps.test.RLAPITest" tests="2" failures="0" timestamp="07 Sep 2018 12:15:55 GMT" time="5.133" errors="0">
  <testcase name="RLAPITestForAccessToken" time="4.506" classname="com.apihttps.test.RLAPITest"/>
  <testcase name="RLAPITestForAccessTokenForAuthorizationbearertoken" time="0.627" classname="com.apihttps.test.RLAPITest"/>
</testsuite> <!-- com.apihttps.test.RLAPITest -->
