<?xml version="1.0" encoding="UTF-8"?>
<!-- Generated by org.testng.reporters.JUnitReportReporter -->
<testsuite skipped="0" hostname="MONO-HYD-LAP-41" name="com.runner.test.ZeustoWOPParamcomparisonTest" tests="2" failures="0" timestamp="25 Oct 2018 10:52:45 GMT" time="0.088" errors="0">
  <testcase name="TxCommentsComparison" time="0.045" classname="com.runner.test.ZeustoWOPParamcomparisonTest"/>
  <testcase name="TVRating" time="0.043" classname="com.runner.test.ZeustoWOPParamcomparisonTest"/>
</testsuite> <!-- com.runner.test.ZeustoWOPParamcomparisonTest -->
