<?xml version="1.0" encoding="UTF-8"?>
<!-- Generated by org.testng.reporters.JUnitReportReporter -->
<testsuite skipped="0" hostname="MONO-HYD-LAP-41" name="com.runner.test.WOPtoMPComparisonTest" tests="6" failures="0" timestamp="25 Oct 2018 10:45:32 GMT" time="0.504" errors="0">
  <testcase name="TitleComparison" time="0.103" classname="com.runner.test.WOPtoMPComparisonTest"/>
  <testcase name="AMCNIDComparison" time="0.092" classname="com.runner.test.WOPtoMPComparisonTest"/>
  <testcase name="AssetTypeComparison" time="0.094" classname="com.runner.test.WOPtoMPComparisonTest"/>
  <testcase name="ReleaseYearComparison" time="0.072" classname="com.runner.test.WOPtoMPComparisonTest"/>
  <testcase name="AssetSourceComparison" time="0.074" classname="com.runner.test.WOPtoMPComparisonTest"/>
  <testcase name="OwnerNetworkComparison" time="0.069" classname="com.runner.test.WOPtoMPComparisonTest"/>
</testsuite> <!-- com.runner.test.WOPtoMPComparisonTest -->
