<?xml version="1.0" encoding="UTF-8"?>
<!-- Generated by org.testng.reporters.JUnitReportReporter -->
<testsuite skipped="0" hostname="MONO-HYD-LAP-30" name="com.apihttps.test.WOPAPITest" tests="3" failures="0" timestamp="11 Sep 2018 12:28:05 GMT" time="7.640" errors="0">
  <testcase name="WOPAPITestForAccessToken" time="4.508" classname="com.apihttps.test.WOPAPITest"/>
  <testcase name="WOPAPITestforToken" time="1.532" classname="com.apihttps.test.WOPAPITest"/>
  <testcase name="WOPAPITestwithAccessTokenandToken" time="1.600" classname="com.apihttps.test.WOPAPITest"/>
</testsuite> <!-- com.apihttps.test.WOPAPITest -->
