<?xml version="1.0" encoding="UTF-8"?>
<!-- Generated by org.testng.reporters.JUnitReportReporter -->
<testsuite skipped="0" hostname="MONO-HYD-LAP-30" name="com.apihttps.test.MPAPITest" tests="1" failures="0" timestamp="11 Sep 2018 12:26:00 GMT" time="3.214" errors="0">
  <testcase name="MPAPITestAccessTokenandToken" time="3.214" classname="com.apihttps.test.MPAPITest"/>
</testsuite> <!-- com.apihttps.test.MPAPITest -->
