<?xml version="1.0" encoding="UTF-8"?>
<!-- Generated by org.testng.reporters.JUnitReportReporter -->
<testsuite skipped="0" hostname="MONO-HYD-LAP-30" name="com.apihttps.test.RLtoWOP" tests="10" failures="0" timestamp="11 Sep 2018 14:50:08 GMT" time="15.484" errors="0">
  <testcase name="executeRLAPIforgettingAccessToken" time="9.211" classname="com.apihttps.test.RLtoWOP"/>
  <testcase name="executeRLGetApiwithAccessToken" time="0.603" classname="com.apihttps.test.RLtoWOP"/>
  <testcase name="executeWOPApiforAccessToken" time="1.713" classname="com.apihttps.test.RLtoWOP"/>
  <testcase name="executeWOPApiforToken" time="1.648" classname="com.apihttps.test.RLtoWOP"/>
  <testcase name="executeWopApiwithAccessTokenandToken" time="1.534" classname="com.apihttps.test.RLtoWOP"/>
  <testcase name="compareTitle" time="0.211" classname="com.apihttps.test.RLtoWOP"/>
  <testcase name="compareSupplier" time="0.179" classname="com.apihttps.test.RLtoWOP"/>
  <testcase name="compareAltTitle" time="0.139" classname="com.apihttps.test.RLtoWOP"/>
  <testcase name="compareReleaseyear" time="0.130" classname="com.apihttps.test.RLtoWOP"/>
  <testcase name="compareAltTitleType" time="0.116" classname="com.apihttps.test.RLtoWOP"/>
</testsuite> <!-- com.apihttps.test.RLtoWOP -->
