<?xml version="1.0" encoding="UTF-8"?>
<!-- Generated by org.testng.reporters.JUnitReportReporter -->
<testsuite skipped="0" hostname="MONO-HYD-LAP-41" name="com.run.test.CallingActiveMQ" tests="3" failures="0" timestamp="29 Oct 2018 18:35:11 GMT" time="28.516" errors="0">
  <testcase name="performanceTestOnWOP" time="4.841" classname="com.run.test.CallingActiveMQ"/>
  <testcase name="performanceTestOnMP" time="9.443" classname="com.run.test.CallingActiveMQ"/>
  <testcase name="performanceTestOnMEDIATOR" time="14.232" classname="com.run.test.CallingActiveMQ"/>
</testsuite> <!-- com.run.test.CallingActiveMQ -->
